1	N	48
1	J	48
0	J	48
1	R	48
2	N	49
2	J	49
1	W	49
2	R	49
3	N	63
3	J	64
2	J	64
3	R	64
3	W	68
2	R	68
2	E	73
1	J	73
1	R	73
4	N	74
4	J	74
1	W	74
4	R	74
5	N	106
5	J	106
4	W	107
5	R	107
4	J	109
5	E	109
4	R	109
4	W	115
0	R	115
4	J	123
4	R	123
4	W	124
0	R	124
4	J	147
4	R	147
4	W	147
0	R	147
4	J	239
4	R	239
4	W	239
0	R	239
4	J	254
4	R	254
4	W	254
0	R	254
4	J	254
4	R	254
4	W	254
0	R	254
4	J	268
4	R	268
4	W	268
0	R	268
4	J	294
4	R	294
4	W	294
0	R	294
4	J	302
4	R	302
4	W	302
0	R	302
4	J	311
4	R	311
4	W	311
0	R	311
4	J	326
4	R	326
4	W	326
0	R	326
4	J	336
4	R	336
4	W	336
0	R	336
4	J	352
4	R	352
4	W	352
0	R	352
4	J	413
4	R	413
6	N	414
6	J	415
4	W	415
6	R	415
7	N	417
7	J	417
8	N	417
8	J	418
9	N	418
9	J	418
10	N	418
10	J	419
11	N	419
11	J	420
12	N	420
12	J	420
13	N	420
13	J	421
14	N	421
14	J	422
15	N	422
15	J	422
16	N	422
16	J	423
6	W	424
16	R	424
16	J	439
15	R	439
15	J	454
14	R	454
14	J	469
13	R	469
13	J	484
12	R	484
12	J	499
11	R	499
11	J	514
10	R	514
10	J	529
9	R	529
9	J	544
8	R	544
8	J	559
7	R	559
7	W	559
16	R	559
16	J	574
15	R	574
15	J	589
14	R	589
14	J	604
13	R	604
13	J	619
12	R	619
12	J	634
11	R	634
11	J	649
10	R	649
7	J	664
10	J	664
7	R	664
7	W	664
9	R	664
9	J	679
8	R	679
8	J	694
16	R	694
16	J	709
15	R	709
15	J	724
14	R	724
14	J	739
13	R	739
13	J	754
12	R	754
7	J	769
12	J	769
7	R	769
7	W	769
11	R	769
11	J	784
10	R	784
10	J	799
9	R	799
9	J	814
8	R	814
8	J	829
16	R	829
16	J	844
15	R	844
15	J	859
14	R	859
7	J	874
14	J	874
7	R	874
7	W	874
13	R	874
13	J	889
12	R	889
12	J	904
11	R	904
11	J	919
10	R	919
10	J	934
9	R	934
9	J	949
8	R	949
8	J	964
16	R	964
7	J	979
16	J	979
7	R	979
7	W	979
15	R	979
15	J	994
14	R	994
14	J	1009
13	R	1009
13	J	1024
12	R	1024
12	J	1039
11	R	1039
11	J	1054
10	R	1054
10	J	1069
9	R	1069
7	J	1084
9	J	1084
7	R	1084
7	W	1084
8	R	1084
8	J	1099
16	R	1099
16	J	1114
15	R	1114
15	J	1129
14	R	1129
14	J	1144
13	R	1144
13	J	1159
12	R	1159
12	J	1174
11	R	1174
7	J	1189
11	J	1189
7	R	1189
7	W	1189
10	R	1189
10	J	1204
9	R	1204
9	J	1219
8	R	1219
8	J	1234
16	R	1234
16	J	1249
15	R	1249
15	J	1264
14	R	1264
14	J	1279
13	R	1279
7	J	1294
13	J	1294
7	R	1294
7	W	1294
12	R	1294
12	J	1309
11	R	1309
11	J	1324
10	R	1324
10	J	1339
9	R	1339
9	J	1354
8	R	1354
8	J	1369
16	R	1369
16	J	1384
15	R	1384
7	J	1399
15	J	1399
7	R	1399
7	W	1399
14	R	1399
14	J	1414
13	R	1414
13	J	1429
12	R	1429
12	J	1444
11	R	1444
11	J	1459
10	R	1459
10	J	1474
9	R	1474
9	J	1489
8	R	1489
7	J	1504
8	J	1504
7	R	1504
7	W	1504
16	R	1504
16	J	1519
15	R	1519
15	J	1534
14	R	1534
14	J	1549
13	R	1549
13	J	1564
12	R	1564
12	J	1579
11	R	1579
11	J	1594
10	R	1594
7	J	1609
10	J	1609
7	R	1609
7	W	1609
9	R	1609
9	J	1624
8	R	1624
8	J	1639
16	R	1639
16	J	1654
15	R	1654
15	J	1669
14	R	1669
14	J	1684
13	R	1684
13	J	1699
12	R	1699
7	J	1714
12	J	1714
7	R	1714
7	W	1714
11	R	1714
11	J	1729
10	R	1729
10	J	1744
9	R	1744
9	J	1759
8	R	1759
8	J	1774
16	R	1774
16	J	1789
15	R	1789
15	J	1804
14	R	1804
7	J	1819
14	J	1819
7	R	1819
7	W	1819
13	R	1819
13	J	1834
12	R	1834
12	J	1849
11	R	1849
11	J	1864
10	R	1864
10	J	1879
9	R	1879
9	J	1894
8	R	1894
8	J	1909
16	R	1909
7	J	1924
16	J	1924
7	R	1924
7	W	1924
15	R	1924
15	J	1939
14	R	1939
14	J	1954
13	R	1954
13	J	1969
12	R	1969
12	J	1984
11	R	1984
11	J	1999
10	R	1999
10	J	2014
9	R	2014
7	J	2029
9	J	2029
7	R	2029
7	W	2029
8	R	2029
8	J	2044
16	R	2044
16	J	2059
15	R	2059
15	J	2074
14	R	2074
14	J	2089
13	R	2089
13	J	2104
12	R	2104
12	J	2119
11	R	2119
7	J	2134
11	J	2134
7	R	2134
7	W	2134
10	R	2134
10	J	2149
9	R	2149
9	J	2164
8	R	2164
8	J	2179
16	R	2179
16	J	2194
15	R	2194
15	J	2209
14	R	2209
14	J	2224
13	R	2224
7	J	2239
13	J	2239
7	R	2239
7	W	2239
12	R	2239
12	J	2254
11	R	2254
11	J	2269
10	R	2269
10	J	2284
9	R	2284
9	J	2299
8	R	2299
8	W	2304
16	R	2304
16	J	2319
15	R	2319
15	J	2334
14	R	2334
7	J	2349
14	J	2349
7	R	2349
7	W	2349
13	R	2349
13	J	2364
12	R	2364
12	J	2379
11	R	2379
11	J	2394
10	R	2394
8	J	2409
10	J	2409
8	R	2409
8	W	2409
9	R	2409
9	J	2424
16	R	2424
16	J	2439
15	R	2439
7	J	2454
15	J	2454
7	R	2454
7	W	2454
14	R	2454
14	J	2469
13	R	2469
13	J	2484
12	R	2484
12	J	2499
11	R	2499
8	J	2514
11	J	2514
8	R	2514
8	W	2514
10	R	2514
10	J	2529
9	R	2529
9	J	2544
16	R	2544
7	J	2559
16	J	2559
7	R	2559
7	W	2559
15	R	2559
15	J	2574
14	R	2574
14	J	2589
13	R	2589
13	J	2604
12	R	2604
8	J	2619
12	J	2619
8	R	2619
8	W	2619
11	R	2619
11	J	2634
10	R	2634
10	J	2649
9	R	2649
7	J	2664
9	J	2664
7	R	2664
7	E	2664
6	J	2664
6	R	2664
6	E	2665
4	J	2665
4	R	2665
17	N	2665
17	J	2665
4	W	2666
17	R	2666
4	J	2668
17	E	2668
4	R	2668
4	W	2669
16	R	2669
16	J	2684
15	R	2684
15	J	2699
14	R	2699
14	J	2714
13	R	2714
8	J	2729
13	J	2729
8	R	2729
8	W	2729
12	R	2729
12	J	2744
11	R	2744
11	J	2759
10	R	2759
4	J	2761
10	J	2774
4	R	2774
18	N	2775
18	J	2776
4	W	2776
9	R	2776
9	J	2791
18	R	2791
